Determining if the pthread_create exist failed with the following output:
Change Dir: /home/nurc/Documents/nurc-lax-robot/Main Event/build/CMakeFiles/CMakeTmp

Run Build Command:"/usr/bin/make" "cmTC_72e4d/fast"
/usr/bin/make -f CMakeFiles/cmTC_72e4d.dir/build.make CMakeFiles/cmTC_72e4d.dir/build
make[1]: Entering directory '/home/nurc/Documents/nurc-lax-robot/Main Event/build/CMakeFiles/CMakeTmp'
Building C object CMakeFiles/cmTC_72e4d.dir/CheckSymbolExists.c.o
/usr/bin/cc   -fPIC    -o CMakeFiles/cmTC_72e4d.dir/CheckSymbolExists.c.o   -c "/home/nurc/Documents/nurc-lax-robot/Main Event/build/CMakeFiles/CMakeTmp/CheckSymbolExists.c"
Linking C executable cmTC_72e4d
/usr/bin/cmake -E cmake_link_script CMakeFiles/cmTC_72e4d.dir/link.txt --verbose=1
/usr/bin/cc -fPIC     -rdynamic CMakeFiles/cmTC_72e4d.dir/CheckSymbolExists.c.o  -o cmTC_72e4d 
CMakeFiles/cmTC_72e4d.dir/CheckSymbolExists.c.o: In function `main':
CheckSymbolExists.c:(.text+0x1b): undefined reference to `pthread_create'
collect2: error: ld returned 1 exit status
CMakeFiles/cmTC_72e4d.dir/build.make:97: recipe for target 'cmTC_72e4d' failed
make[1]: *** [cmTC_72e4d] Error 1
make[1]: Leaving directory '/home/nurc/Documents/nurc-lax-robot/Main Event/build/CMakeFiles/CMakeTmp'
Makefile:126: recipe for target 'cmTC_72e4d/fast' failed
make: *** [cmTC_72e4d/fast] Error 2

File /home/nurc/Documents/nurc-lax-robot/Main Event/build/CMakeFiles/CMakeTmp/CheckSymbolExists.c:
/* */
#include <pthread.h>

int main(int argc, char** argv)
{
  (void)argv;
#ifndef pthread_create
  return ((int*)(&pthread_create))[argc];
#else
  (void)argc;
  return 0;
#endif
}

Determining if the function pthread_create exists in the pthreads failed with the following output:
Change Dir: /home/nurc/Documents/nurc-lax-robot/Main Event/build/CMakeFiles/CMakeTmp

Run Build Command:"/usr/bin/make" "cmTC_f8aa6/fast"
/usr/bin/make -f CMakeFiles/cmTC_f8aa6.dir/build.make CMakeFiles/cmTC_f8aa6.dir/build
make[1]: Entering directory '/home/nurc/Documents/nurc-lax-robot/Main Event/build/CMakeFiles/CMakeTmp'
Building C object CMakeFiles/cmTC_f8aa6.dir/CheckFunctionExists.c.o
/usr/bin/cc   -fPIC -DCHECK_FUNCTION_EXISTS=pthread_create   -o CMakeFiles/cmTC_f8aa6.dir/CheckFunctionExists.c.o   -c /usr/share/cmake-3.10/Modules/CheckFunctionExists.c
Linking C executable cmTC_f8aa6
/usr/bin/cmake -E cmake_link_script CMakeFiles/cmTC_f8aa6.dir/link.txt --verbose=1
/usr/bin/cc -fPIC -DCHECK_FUNCTION_EXISTS=pthread_create    -rdynamic CMakeFiles/cmTC_f8aa6.dir/CheckFunctionExists.c.o  -o cmTC_f8aa6 -lpthreads 
/usr/bin/ld: cannot find -lpthreads
collect2: error: ld returned 1 exit status
CMakeFiles/cmTC_f8aa6.dir/build.make:97: recipe for target 'cmTC_f8aa6' failed
make[1]: *** [cmTC_f8aa6] Error 1
make[1]: Leaving directory '/home/nurc/Documents/nurc-lax-robot/Main Event/build/CMakeFiles/CMakeTmp'
Makefile:126: recipe for target 'cmTC_f8aa6/fast' failed
make: *** [cmTC_f8aa6/fast] Error 2


